SF:kafka_connect_watcher/__init__.py
DA:4,1
DA:5,1
DA:6,1
LF:3
LH:3
end_of_record
SF:kafka_connect_watcher/aws_emf.py
DA:8,1
DA:10,1
DA:12,1
DA:13,0
DA:14,0
DA:15,0
DA:17,1
DA:18,1
DA:20,1
DA:21,1
DA:23,1
DA:25,1
DA:28,1
DA:29,1
DA:30,1
DA:31,1
DA:32,1
DA:33,1
DA:34,1
DA:35,1
DA:36,1
DA:39,1
DA:40,1
DA:41,0
DA:44,0
DA:45,0
DA:46,0
DA:47,0
DA:48,0
DA:49,0
DA:50,0
DA:51,0
DA:52,0
DA:53,0
DA:56,1
DA:57,1
DA:60,0
DA:63,0
DA:64,0
DA:65,0
DA:66,0
DA:67,0
DA:68,0
DA:69,0
DA:70,0
DA:78,1
DA:79,1
DA:80,0
DA:81,1
DA:82,1
DA:83,1
DA:84,1
DA:85,1
DA:86,1
DA:87,1
DA:88,1
DA:89,1
DA:92,1
DA:93,1
DA:94,0
DA:97,0
DA:98,0
DA:99,0
DA:100,0
DA:101,0
DA:102,0
DA:110,1
DA:111,1
DA:112,0
DA:113,0
DA:114,1
LF:71
LH:38
FN:28,36,init_emf_config
FNDA:1,init_emf_config
FN:40,53,publish_cluster_metrics
FNDA:0,publish_cluster_metrics
FN:57,75,publish_connector_metrics
FNDA:0,publish_connector_metrics
FN:78,89,publish_clusters_emf
FNDA:1,publish_clusters_emf
FN:93,107,publish_watcher_emf_metrics
FNDA:0,publish_watcher_emf_metrics
FN:110,114,handle_watcher_emf
FNDA:1,handle_watcher_emf
FNF:6
FNH:3
end_of_record
SF:kafka_connect_watcher/aws_sns/__init__.py
DA:7,1
DA:9,1
DA:10,1
DA:12,1
DA:13,0
DA:14,0
DA:16,1
DA:17,1
DA:18,1
DA:20,1
DA:21,1
DA:22,1
DA:23,1
DA:24,1
DA:25,1
DA:26,1
DA:28,1
DA:31,1
DA:32,1
DA:33,1
DA:34,1
DA:35,1
DA:36,1
DA:37,1
DA:44,1
DA:45,1
DA:46,1
DA:48,1
DA:49,0
DA:51,1
DA:52,1
DA:53,0
DA:54,1
DA:55,1
DA:56,0
DA:57,1
DA:58,1
DA:60,1
DA:61,1
DA:63,0
DA:65,1
DA:66,1
DA:68,1
DA:70,1
DA:72,0
DA:73,0
DA:74,0
DA:75,0
DA:76,0
DA:77,0
DA:79,0
DA:86,0
DA:87,0
DA:88,0
DA:90,1
DA:91,1
DA:97,0
DA:103,0
DA:109,0
DA:111,1
DA:113,0
DA:114,0
DA:115,0
DA:116,0
DA:117,0
DA:118,0
DA:119,0
DA:120,0
DA:121,0
DA:127,0
DA:128,0
DA:129,0
DA:130,0
DA:133,0
DA:134,0
DA:135,0
DA:137,1
DA:138,1
DA:139,0
DA:140,0
DA:150,0
LF:81
LH:43
FN:32,46,SnsChannel.__init__
FNDA:1,SnsChannel.__init__
FN:48,49,SnsChannel.__repr__
FNDA:0,SnsChannel.__repr__
FN:51,58,SnsChannel.import_jinja2_templates
FNDA:1,SnsChannel.import_jinja2_templates
FN:61,63,SnsChannel.messages_templates
FNDA:0,SnsChannel.messages_templates
FN:66,68,SnsChannel.definition
FNDA:1,SnsChannel.definition
FN:70,88,SnsChannel.publish
FNDA:0,SnsChannel.publish
FN:91,109,SnsChannel.render_message_template
FNDA:0,SnsChannel.render_message_template
FN:111,135,SnsChannel.send_error_notification
FNDA:0,SnsChannel.send_error_notification
FN:138,150,SnsChannel.session
FNDA:0,SnsChannel.session
FNF:9
FNH:3
end_of_record
SF:kafka_connect_watcher/cluster.py
DA:8,1
DA:10,1
DA:11,1
DA:13,1
DA:14,0
DA:16,1
DA:17,1
DA:18,1
DA:19,1
DA:21,1
DA:22,1
DA:24,1
DA:27,1
DA:33,1
DA:34,0
DA:35,0
DA:36,0
DA:37,0
DA:39,0
DA:40,0
DA:41,0
DA:42,0
DA:43,0
DA:46,0
DA:49,0
DA:50,0
DA:57,0
DA:63,0
DA:64,0
DA:65,0
DA:66,0
DA:68,0
DA:72,0
DA:74,0
DA:79,0
DA:82,0
DA:83,0
DA:85,1
DA:86,1
DA:87,0
DA:89,1
DA:90,1
DA:91,0
DA:93,1
DA:94,1
DA:95,0
DA:97,1
DA:98,1
DA:99,0
DA:100,0
DA:101,0
DA:103,1
DA:104,1
DA:105,0
DA:107,1
DA:108,0
LF:56
LH:24
FN:33,83,ConnectCluster.__init__
FNDA:0,ConnectCluster.__init__
FN:86,87,ConnectCluster.hostname
FNDA:0,ConnectCluster.hostname
FN:90,91,ConnectCluster.api
FNDA:0,ConnectCluster.api
FN:94,95,ConnectCluster.cluster
FNDA:0,ConnectCluster.cluster
FN:98,101,ConnectCluster.name
FNDA:0,ConnectCluster.name
FN:104,105,ConnectCluster.port
FNDA:0,ConnectCluster.port
FN:107,108,ConnectCluster.emf_high_resolution
FNDA:0,ConnectCluster.emf_high_resolution
FNF:7
FNH:0
end_of_record
SF:kafka_connect_watcher/config.py
DA:8,1
DA:10,1
DA:11,1
DA:12,1
DA:13,1
DA:14,1
DA:15,1
DA:17,1
DA:18,1
DA:19,1
DA:20,1
DA:21,1
DA:23,1
DA:24,1
DA:25,0
DA:26,0
DA:28,1
DA:29,1
DA:32,1
DA:37,1
DA:40,1
DA:41,0
DA:44,1
DA:45,1
DA:46,1
DA:47,0
DA:48,0
DA:51,1
DA:52,0
DA:53,0
DA:54,0
DA:55,0
DA:56,1
DA:57,1
DA:58,1
DA:59,1
DA:60,1
DA:63,1
DA:66,1
DA:67,1
DA:72,1
DA:73,1
DA:74,1
DA:75,1
DA:78,1
DA:79,1
DA:83,1
DA:87,0
DA:89,1
DA:90,0
DA:92,1
DA:93,1
DA:94,1
DA:96,1
DA:97,1
DA:98,1
DA:99,1
DA:100,1
DA:105,1
DA:106,1
DA:107,1
DA:108,1
DA:109,1
DA:112,1
DA:114,1
DA:115,1
DA:116,0
DA:118,1
DA:119,1
DA:120,1
DA:121,0
DA:122,0
DA:123,0
DA:125,1
DA:128,1
DA:129,1
DA:130,0
DA:131,0
DA:132,0
DA:137,0
LF:80
LH:61
FN:37,87,Config.__init__
FNDA:1,Config.__init__
FN:89,90,Config.__repr__
FNDA:0,Config.__repr__
FN:93,94,Config.config
FNDA:1,Config.config
FN:97,112,Config.config
FNDA:1,Config.config
FN:115,116,Config.original_config
FNDA:0,Config.original_config
FN:118,125,Config.set_scan_intervals
FNDA:1,Config.set_scan_intervals
FN:129,137,EmfConfig.__init__
FNDA:0,EmfConfig.__init__
FNF:7
FNH:4
end_of_record
SF:kafka_connect_watcher/connectors_eval.py
DA:4,1
DA:6,1
DA:8,1
DA:9,0
DA:11,1
DA:13,1
DA:15,1
DA:18,1
DA:19,1
DA:20,1
DA:21,1
DA:23,1
DA:32,1
DA:33,0
DA:35,1
DA:47,1
DA:48,1
DA:49,1
DA:70,1
DA:72,1
DA:73,1
DA:74,1
DA:75,1
DA:76,1
DA:77,1
DA:78,1
DA:79,1
DA:80,1
DA:82,1
DA:83,0
DA:84,0
DA:90,0
DA:95,0
DA:96,0
DA:97,1
DA:98,1
LF:36
LH:29
FN:18,98,evaluate_connector_status
FNDA:1,evaluate_connector_status
FNF:1
FNH:1
end_of_record
SF:kafka_connect_watcher/error_rules.py
DA:8,1
DA:10,1
DA:11,1
DA:13,1
DA:14,0
DA:15,0
DA:16,0
DA:18,1
DA:19,1
DA:20,1
DA:21,1
DA:23,1
DA:29,1
DA:30,1
DA:31,1
DA:32,1
DA:35,1
DA:40,1
DA:42,1
DA:43,1
DA:44,0
DA:47,1
DA:48,1
DA:49,1
DA:50,1
DA:51,1
DA:53,1
DA:56,1
DA:57,1
DA:58,1
DA:60,1
DA:64,1
DA:65,1
DA:66,1
DA:73,1
DA:74,1
DA:75,1
DA:77,1
DA:78,1
DA:79,1
DA:80,1
DA:81,1
DA:84,1
DA:85,1
DA:86,1
DA:87,1
DA:88,1
DA:89,1
DA:91,1
DA:97,0
DA:98,0
DA:99,0
DA:100,0
DA:101,0
DA:102,0
DA:104,0
DA:105,0
DA:106,0
DA:107,0
DA:108,0
DA:110,0
DA:111,0
DA:112,0
DA:124,0
DA:125,0
DA:126,0
DA:131,0
DA:132,0
DA:133,0
DA:134,0
DA:135,0
DA:145,0
DA:146,0
DA:147,0
DA:150,1
DA:155,1
DA:156,1
DA:157,1
DA:158,1
DA:159,1
DA:160,1
DA:161,1
DA:162,1
DA:163,1
DA:164,0
DA:166,1
DA:168,0
DA:169,0
DA:170,0
DA:171,0
DA:175,0
DA:177,1
DA:178,1
DA:179,0
DA:181,1
DA:182,1
DA:185,1
DA:187,1
DA:188,1
DA:189,1
DA:190,1
DA:191,1
DA:193,1
DA:197,1
DA:198,1
DA:199,1
DA:200,1
DA:204,1
DA:206,1
DA:207,1
DA:210,1
DA:212,1
DA:216,1
DA:217,1
DA:218,1
DA:220,0
DA:226,1
DA:227,1
DA:228,1
DA:229,1
DA:230,1
DA:231,0
DA:232,0
DA:234,1
DA:238,1
DA:239,0
DA:240,0
DA:242,1
DA:243,1
DA:245,0
DA:246,0
DA:250,0
DA:251,0
DA:252,0
DA:258,0
DA:263,0
LF:136
LH:88
FN:42,71,EvaluationRule.__init__
FNDA:1,EvaluationRule.__init__
FN:74,75,EvaluationRule.original_config
FNDA:1,EvaluationRule.original_config
FN:77,89,EvaluationRule.filter_out_connector
FNDA:1,EvaluationRule.filter_out_connector
FN:91,147,EvaluationRule.execute
FNDA:0,EvaluationRule.execute
FN:155,164,AutoCorrectRule.__init__
FNDA:1,AutoCorrectRule.__init__
FN:166,175,AutoCorrectRule.map_notify_targets
FNDA:0,AutoCorrectRule.map_notify_targets
FN:178,179,AutoCorrectRule.original_config
FNDA:0,AutoCorrectRule.original_config
FN:181,265,AutoCorrectRule.process
FNDA:1,AutoCorrectRule.process
FNF:8
FNH:5
end_of_record
SF:kafka_connect_watcher/logger.py
DA:5,1
DA:7,1
DA:8,1
DA:11,1
DA:12,1
DA:13,1
DA:14,1
DA:16,1
DA:17,1
DA:18,0
DA:20,1
DA:21,1
DA:24,1
DA:27,1
DA:28,1
DA:31,1
DA:34,1
DA:35,1
DA:38,1
DA:39,1
DA:40,1
DA:41,1
DA:43,1
DA:45,1
DA:46,0
DA:48,1
DA:49,1
DA:50,1
DA:51,1
DA:53,1
DA:54,1
DA:55,1
DA:56,1
DA:58,1
DA:59,1
DA:60,1
DA:61,1
DA:64,1
LF:38
LH:36
FN:16,21,MyFormatter.format
FNDA:1,MyFormatter.format
FN:27,28,InfoFilter.filter
FNDA:1,InfoFilter.filter
FN:34,35,ErrorFilter.filter
FNDA:1,ErrorFilter.filter
FN:38,61,setup_logging
FNDA:1,setup_logging
FNF:4
FNH:4
end_of_record
SF:kafka_connect_watcher/notifications.py
DA:6,0
DA:8,0
DA:10,0
DA:12,0
DA:13,0
DA:15,0
DA:17,0
DA:20,0
DA:21,0
DA:22,0
DA:23,0
DA:25,0
DA:26,0
DA:27,0
DA:28,0
DA:30,0
DA:31,0
DA:32,0
LF:18
LH:0
FN:21,28,Notifications.__init__
FNDA:0,Notifications.__init__
FN:31,32,Notifications.definition
FNDA:0,Notifications.definition
FNF:2
FNH:0
end_of_record
SF:kafka_connect_watcher/threads_settings.py
DA:5,1
DA:7,1
DA:8,1
DA:9,0
LF:4
LH:3
end_of_record
SF:kafka_connect_watcher/tools.py
DA:4,1
DA:6,1
DA:9,1
DA:10,1
DA:11,1
DA:12,1
DA:13,1
DA:14,1
DA:15,1
DA:16,1
DA:17,1
DA:18,1
LF:12
LH:12
FN:9,18,import_regexes
FNDA:1,import_regexes
FNF:1
FNH:1
end_of_record
SF:kafka_connect_watcher/watcher.py
DA:8,1
DA:10,1
DA:12,1
DA:13,0
DA:15,1
DA:16,1
DA:17,1
DA:18,1
DA:19,1
DA:21,1
DA:26,1
DA:27,1
DA:28,1
DA:30,1
DA:33,1
DA:39,1
DA:40,0
DA:41,0
DA:42,0
DA:43,0
DA:44,0
DA:45,0
DA:51,1
DA:52,0
DA:53,0
DA:56,0
DA:57,0
DA:58,0
DA:59,0
DA:60,0
DA:65,0
DA:66,0
DA:67,0
DA:72,0
DA:73,0
DA:74,0
DA:75,0
DA:76,0
DA:77,0
DA:85,0
DA:86,0
DA:91,0
DA:92,0
DA:93,0
DA:94,0
DA:95,0
DA:96,0
DA:97,0
DA:100,0
DA:101,0
DA:102,0
DA:103,0
DA:105,1
DA:106,0
DA:107,0
DA:108,0
DA:111,1
DA:114,0
DA:115,0
DA:116,0
DA:117,0
DA:118,0
DA:119,0
DA:120,0
DA:121,0
DA:122,0
DA:123,0
DA:124,0
DA:125,0
DA:126,0
DA:129,1
DA:130,0
DA:131,0
DA:132,0
DA:133,0
DA:134,0
DA:135,0
DA:136,0
DA:137,0
LF:79
LH:19
FN:39,49,Watcher.__init__
FNDA:0,Watcher.__init__
FN:51,103,Watcher.run
FNDA:0,Watcher.run
FN:105,108,Watcher.exit_gracefully
FNDA:0,Watcher.exit_gracefully
FN:111,126,process_error_rules
FNDA:0,process_error_rules
FN:129,137,process_cluster
FNDA:0,process_cluster
FNF:5
FNH:0
end_of_record
